# JRE version: OpenJDK Runtime Environment (17.0.11) (build 17.0.11+0--11852314)
# Java VM: OpenJDK 64-Bit Server VM (17.0.11+0--11852314, mixed mode, tiered, compressed oops, compressed class ptrs, g1 gc, windows-amd64)
GC Precious Log:
 CPUs: 12 total, 12 available
 Memory: 7502M
 Large Page Support: Disabled
 NUMA Support: Disabled
 Compressed Oops: Enabled (32-bit)
 Heap Region Size: 1M
 Heap Min Capacity: 8M
 Heap Initial Capacity: 118M
 Heap Max Capacity: 2G
 Pre-touch: Disabled
 Parallel Workers: 10
 Concurrent Workers: 3
 Concurrent Refinement Workers: 10
 Periodic GC: Disabled
Heap:
 garbage-first heap   total 95232K, used 61272K [0x0000000080000000, 0x0000000100000000)
  region size 1024K, 8 young (8192K), 1 survivors (1024K)
 Metaspace       used 59051K, committed 59648K, reserved 1114112K
  class space    used 8092K, committed 8384K, reserved 1048576K
GC Heap History (20 events):
Event: 6.141 GC heap before
{Heap before GC invocations=7 (full 0):
 garbage-first heap   total 68608K, used 48548K [0x0000000080000000, 0x0000000100000000)
  region size 1024K, 28 young (28672K), 2 survivors (2048K)
 Metaspace       used 33335K, committed 33664K, reserved 1114112K
  class space    used 4534K, committed 4672K, reserved 1048576K
}
Event: 6.147 GC heap after
{Heap after GC invocations=8 (full 0):
 garbage-first heap   total 68608K, used 24013K [0x0000000080000000, 0x0000000100000000)
  region size 1024K, 3 young (3072K), 3 survivors (3072K)
 Metaspace       used 33335K, committed 33664K, reserved 1114112K
  class space    used 4534K, committed 4672K, reserved 1048576K
}
Event: 6.566 GC heap before
{Heap before GC invocations=8 (full 0):
 garbage-first heap   total 68608K, used 39373K [0x0000000080000000, 0x0000000100000000)
  region size 1024K, 20 young (20480K), 3 survivors (3072K)
 Metaspace       used 35800K, committed 36096K, reserved 1114112K
  class space    used 4890K, committed 5056K, reserved 1048576K
}
Event: 6.572 GC heap after
{Heap after GC invocations=9 (full 0):
 garbage-first heap   total 68608K, used 24785K [0x0000000080000000, 0x0000000100000000)
  region size 1024K, 2 young (2048K), 2 survivors (2048K)
 Metaspace       used 35800K, committed 36096K, reserved 1114112K
  class space    used 4890K, committed 5056K, reserved 1048576K
}
Event: 7.307 GC heap before
{Heap before GC invocations=10 (full 0):
 garbage-first heap   total 68608K, used 51409K [0x0000000080000000, 0x0000000100000000)
  region size 1024K, 29 young (29696K), 2 survivors (2048K)
 Metaspace       used 41306K, committed 41664K, reserved 1114112K
  class space    used 5481K, committed 5632K, reserved 1048576K
}
Event: 7.314 GC heap after
{Heap after GC invocations=11 (full 0):
 garbage-first heap   total 68608K, used 28196K [0x0000000080000000, 0x0000000100000000)
  region size 1024K, 4 young (4096K), 4 survivors (4096K)
 Metaspace       used 41306K, committed 41664K, reserved 1114112K
  class space    used 5481K, committed 5632K, reserved 1048576K
}
Event: 7.581 GC heap before
{Heap before GC invocations=11 (full 0):
 garbage-first heap   total 68608K, used 52772K [0x0000000080000000, 0x0000000100000000)
  region size 1024K, 28 young (28672K), 4 survivors (4096K)
 Metaspace       used 42429K, committed 42816K, reserved 1114112K
  class space    used 5656K, committed 5824K, reserved 1048576K
}
Event: 7.588 GC heap after
{Heap after GC invocations=12 (full 0):
 garbage-first heap   total 68608K, used 30338K [0x0000000080000000, 0x0000000100000000)
  region size 1024K, 3 young (3072K), 3 survivors (3072K)
 Metaspace       used 42429K, committed 42816K, reserved 1114112K
  class space    used 5656K, committed 5824K, reserved 1048576K
}
Event: 8.111 GC heap before
{Heap before GC invocations=12 (full 0):
 garbage-first heap   total 68608K, used 52866K [0x0000000080000000, 0x0000000100000000)
  region size 1024K, 25 young (25600K), 3 survivors (3072K)
 Metaspace       used 44540K, committed 44992K, reserved 1114112K
  class space    used 5991K, committed 6208K, reserved 1048576K
}
Event: 8.116 GC heap after
{Heap after GC invocations=13 (full 0):
 garbage-first heap   total 95232K, used 31845K [0x0000000080000000, 0x0000000100000000)
  region size 1024K, 4 young (4096K), 4 survivors (4096K)
 Metaspace       used 44540K, committed 44992K, reserved 1114112K
  class space    used 5991K, committed 6208K, reserved 1048576K
}
Event: 9.215 GC heap before
{Heap before GC invocations=13 (full 0):
 garbage-first heap   total 95232K, used 72805K [0x0000000080000000, 0x0000000100000000)
  region size 1024K, 44 young (45056K), 4 survivors (4096K)
 Metaspace       used 49909K, committed 50368K, reserved 1114112K
  class space    used 6850K, committed 7040K, reserved 1048576K
}
Event: 9.223 GC heap after
{Heap after GC invocations=14 (full 0):
 garbage-first heap   total 95232K, used 34101K [0x0000000080000000, 0x0000000100000000)
  region size 1024K, 4 young (4096K), 4 survivors (4096K)
 Metaspace       used 49909K, committed 50368K, reserved 1114112K
  class space    used 6850K, committed 7040K, reserved 1048576K
}
Event: 10.273 GC heap before
{Heap before GC invocations=14 (full 0):
 garbage-first heap   total 95232K, used 76085K [0x0000000080000000, 0x0000000100000000)
  region size 1024K, 44 young (45056K), 4 survivors (4096K)
 Metaspace       used 55102K, committed 55616K, reserved 1114112K
  class space    used 7574K, committed 7808K, reserved 1048576K
}
Event: 10.282 GC heap after
{Heap after GC invocations=15 (full 0):
 garbage-first heap   total 95232K, used 36427K [0x0000000080000000, 0x0000000100000000)
  region size 1024K, 5 young (5120K), 5 survivors (5120K)
 Metaspace       used 55102K, committed 55616K, reserved 1114112K
  class space    used 7574K, committed 7808K, reserved 1048576K
}
Event: 11.529 GC heap before
{Heap before GC invocations=15 (full 0):
 garbage-first heap   total 95232K, used 74315K [0x0000000080000000, 0x0000000100000000)
  region size 1024K, 43 young (44032K), 5 survivors (5120K)
 Metaspace       used 56591K, committed 57088K, reserved 1114112K
  class space    used 7760K, committed 8000K, reserved 1048576K
}
Event: 11.538 GC heap after
{Heap after GC invocations=16 (full 0):
 garbage-first heap   total 95232K, used 41203K [0x0000000080000000, 0x0000000100000000)
  region size 1024K, 6 young (6144K), 6 survivors (6144K)
 Metaspace       used 56591K, committed 57088K, reserved 1114112K
  class space    used 7760K, committed 8000K, reserved 1048576K
}
Event: 12.190 GC heap before
{Heap before GC invocations=16 (full 0):
 garbage-first heap   total 95232K, used 79091K [0x0000000080000000, 0x0000000100000000)
  region size 1024K, 38 young (38912K), 6 survivors (6144K)
 Metaspace       used 57637K, committed 58176K, reserved 1114112K
  class space    used 7912K, committed 8192K, reserved 1048576K
}
Event: 12.204 GC heap after
{Heap after GC invocations=17 (full 0):
 garbage-first heap   total 95232K, used 52739K [0x0000000080000000, 0x0000000100000000)
  region size 1024K, 5 young (5120K), 5 survivors (5120K)
 Metaspace       used 57637K, committed 58176K, reserved 1114112K
  class space    used 7912K, committed 8192K, reserved 1048576K
}
Event: 12.473 GC heap before
{Heap before GC invocations=17 (full 0):
 garbage-first heap   total 95232K, used 64003K [0x0000000080000000, 0x0000000100000000)
  region size 1024K, 18 young (18432K), 5 survivors (5120K)
 Metaspace       used 58539K, committed 59072K, reserved 1114112K
  class space    used 8022K, committed 8256K, reserved 1048576K
}
Event: 12.478 GC heap after
{Heap after GC invocations=18 (full 0):
 garbage-first heap   total 95232K, used 54104K [0x0000000080000000, 0x0000000100000000)
  region size 1024K, 1 young (1024K), 1 survivors (1024K)
 Metaspace       used 58539K, committed 59072K, reserved 1114112K
  class space    used 8022K, committed 8256K, reserved 1048576K
}

